2013-12-10 07:20:12 Warning: Warning (512): <span style = "color:Red;text-align:left"><b>SQL Error:</b> 1064: You have an error in your SQL syntax; check the manual that corresponds to your MySQL server version for the right syntax to use near 'SetScenarioStatus' at line 1</span> in [CORE\cake\libs\model\datasources\dbo_source.php, line 526]
2014-06-04 01:11:47 Error: INVALID URI : bg-actionbox.gif
2014-06-05 22:29:25 Error: INVALID URI : SV13 click addgroup->MADN
2014-06-05 22:29:33 Error: INVALID URI : SV13 click add
2014-06-19 23:05:31 Error: INVALID URI : bg-actionbox.gif
2014-06-19 23:07:08 Error: INVALID URI : bg-actionbox.gif
2014-06-19 23:10:14 Error: INVALID URI : bg-actionbox.gif
2014-06-19 23:10:34 Error: INVALID URI : bg-actionbox.gif
2014-06-20 10:02:42 Error: INVALID URI : bg-actionbox.gif
2014-06-20 22:35:08 Error: INVALID URI : bg-actionbox.gif
2014-06-23 22:18:04 Error: INVALID URI : bg-actionbox.gif
2014-06-23 22:26:05 Error: INVALID URI : bg-actionbox.gif
2014-06-23 23:39:11 Error: INVALID URI : bg-actionbox.gif
2014-06-24 01:21:08 Error: INVALID URI : bg-actionbox.gif
2014-06-24 22:43:05 Error: INVALID URI : bg-actionbox.gif
2014-06-26 22:21:44 Error: INVALID URI : bg-actionbox.gif
2014-07-03 23:38:37 Error: INVALID URI : bg-actionbox.gif
2014-07-14 22:36:36 Error: INVALID URI : bg-actionbox.gif
2014-07-18 23:41:03 Error: INVALID URI : bg-actionbox.gif
2014-07-23 01:15:57 Error: INVALID URI : bg-actionbox.gif
2014-08-08 09:37:39 Error: INVALID URI : bg-actionbox.gif
2014-08-08 09:37:41 Error: INVALID URI : bg-actionbox.gif
2014-08-09 19:02:11 Error: INVALID URI : bg-actionbox.gif
2014-08-09 19:02:14 Error: INVALID URI : bg-actionbox.gif
2014-08-10 23:46:23 Error: INVALID URI : bg-actionbox.gif
2014-08-11 10:21:19 Error: INVALID URI : bg-actionbox.gif
2014-08-11 10:21:22 Error: INVALID URI : bg-actionbox.gif
2014-08-12 00:01:57 Error: INVALID URI : bg-actionbox.gif
2014-08-12 00:21:56 Error: INVALID URI : bg-actionbox.gif
2014-08-12 00:49:55 Error: INVALID URI : bg-actionbox.gif
2014-08-12 01:28:57 Error: INVALID URI : bg-actionbox.gif
2014-08-15 22:13:44 Error: INVALID URI : bg-actionbox.gif
2014-08-15 22:13:45 Error: INVALID URI : bg-actionbox.gif
2014-08-17 11:42:09 Error: INVALID URI : bg-actionbox.gif
2014-08-17 12:54:19 Error: INVALID URI : bg-actionbox.gif
2014-08-17 21:54:06 Error: INVALID URI : bg-actionbox.gif
2014-08-17 22:47:06 Error: INVALID URI : bg-actionbox.gif
2014-08-17 22:47:29 Error: INVALID URI : bg-actionbox.gif
2014-08-18 22:44:30 Error: INVALID URI : bg-actionbox.gif
2014-08-19 20:26:49 Error: INVALID URI : bg-actionbox.gif
2014-08-19 20:26:59 Error: INVALID URI : bg-actionbox.gif
2014-08-19 20:41:19 Error: INVALID URI : colorbox.css
2014-08-19 20:41:19 Error: INVALID URI : colorbox.css
2014-08-19 20:41:24 Error: INVALID URI : ohoopee3.jpg
2014-08-19 20:41:51 Error: INVALID URI : colorbox.css
2014-08-19 20:41:51 Error: INVALID URI : colorbox.css
2014-08-19 20:41:52 Error: INVALID URI : colorbox.css
2014-08-19 20:41:52 Error: INVALID URI : colorbox.css
2014-08-19 20:41:53 Error: INVALID URI : colorbox.css
2014-08-19 20:43:14 Error: INVALID URI : ohoopee3.jpg
2014-08-19 20:44:20 Error: INVALID URI : ohoopee3.jpg
2014-08-19 20:44:20 Error: INVALID URI : ohoopee1.jpg
2014-08-19 20:44:20 Error: INVALID URI : ohoopee2.jpg
2014-08-19 20:44:22 Error: INVALID URI : ohoopee1.jpg
2014-08-19 20:44:22 Error: INVALID URI : ohoopee3.jpg
2014-08-19 20:44:22 Error: INVALID URI : ohoopee2.jpg
2014-08-19 20:44:25 Error: INVALID URI : ohoopee2.jpg
2014-08-19 20:44:25 Error: INVALID URI : ohoopee1.jpg
2014-08-19 20:44:25 Error: INVALID URI : ohoopee3.jpg
2014-08-19 20:44:28 Error: INVALID URI : ohoopee3.jpg
2014-08-19 20:44:28 Error: INVALID URI : ohoopee1.jpg
2014-08-19 20:44:28 Error: INVALID URI : ohoopee2.jpg
2014-08-19 20:44:30 Error: INVALID URI : ohoopee1.jpg
2014-08-19 20:44:31 Error: INVALID URI : ohoopee3.jpg
2014-08-19 20:44:31 Error: INVALID URI : ohoopee2.jpg
2014-08-19 21:03:57 Error: INVALID URI : image_small_1.jpg
2014-08-19 21:03:57 Error: INVALID URI : image_small_3.jpg
2014-08-19 21:03:57 Error: INVALID URI : image_small_2.jpg
2014-08-19 21:03:57 Error: INVALID URI : image_small_4.jpg
2014-08-19 21:03:57 Error: INVALID URI : image_small_2.jpg
2014-08-19 21:03:57 Error: INVALID URI : image_small_3.jpg
2014-08-19 21:03:57 Error: INVALID URI : image_small_4.jpg
2014-08-19 21:03:57 Error: INVALID URI : image_small_1.jpg
2014-08-19 21:04:19 Error: INVALID URI : image_small_2.jpg
2014-08-19 21:04:19 Error: INVALID URI : image_small_1.jpg
2014-08-19 21:04:19 Error: INVALID URI : image_small_4.jpg
2014-08-19 21:04:19 Error: INVALID URI : image_small_3.jpg
2014-08-19 21:04:19 Error: INVALID URI : image_small_1.jpg
2014-08-19 21:04:19 Error: INVALID URI : image_small_3.jpg
2014-08-19 21:04:19 Error: INVALID URI : image_small_2.jpg
2014-08-19 21:04:19 Error: INVALID URI : image_small_4.jpg
2014-08-19 21:10:58 Error: INVALID URI : image_small_2.jpg
2014-08-19 21:10:58 Error: INVALID URI : image_small_1.jpg
2014-08-19 21:10:58 Error: INVALID URI : image_small.jpg
2014-08-19 21:10:58 Error: INVALID URI : image_small_3.jpg
2014-08-19 21:10:58 Error: INVALID URI : image_small_4.jpg
2014-08-19 21:10:58 Error: INVALID URI : image_small_1.jpg
2014-08-19 21:10:58 Error: INVALID URI : image_small_3.jpg
2014-08-19 21:10:58 Error: INVALID URI : image_small_2.jpg
2014-08-19 21:10:58 Error: INVALID URI : image_small_4.jpg
2014-08-19 21:10:58 Error: INVALID URI : image_small.jpg
2014-08-19 21:11:02 Error: INVALID URI : image_small.jpg
2014-08-19 21:11:02 Error: INVALID URI : image_small_2.jpg
2014-08-19 21:11:02 Error: INVALID URI : image_small_1.jpg
2014-08-19 21:11:02 Error: INVALID URI : image_small_4.jpg
2014-08-19 21:11:02 Error: INVALID URI : image_small_3.jpg
2014-08-19 21:11:02 Error: INVALID URI : image_small_1.jpg
2014-08-19 21:11:02 Error: INVALID URI : image_small.jpg
2014-08-19 21:11:02 Error: INVALID URI : image_small_2.jpg
2014-08-19 21:11:02 Error: INVALID URI : image_small_3.jpg
2014-08-19 21:11:02 Error: INVALID URI : image_small_4.jpg
2014-08-19 21:11:05 Error: INVALID URI : image_small.jpg
2014-08-19 21:11:05 Error: INVALID URI : image_small_1.jpg
2014-08-19 21:11:05 Error: INVALID URI : image_small_4.jpg
2014-08-19 21:11:05 Error: INVALID URI : image_small_2.jpg
2014-08-19 21:11:05 Error: INVALID URI : image_small_3.jpg
2014-08-20 22:50:29 Error: INVALID URI : bg-actionbox.gif
2014-08-20 22:50:36 Error: INVALID URI : bg-actionbox.gif
2014-08-21 23:04:50 Error: INVALID URI : bg-actionbox.gif
2014-08-21 23:21:47 Error: INVALID URI : bg-actionbox.gif
2014-08-21 23:34:52 Error: INVALID URI : bg-actionbox.gif
2014-08-21 23:34:57 Error: INVALID URI : bg-actionbox.gif
2014-08-22 21:07:57 Error: INVALID URI : bg-actionbox.gif
2014-08-22 21:08:13 Error: INVALID URI : bg-actionbox.gif
2014-08-22 21:08:16 Error: INVALID URI : bg-actionbox.gif
2014-08-22 21:08:40 Error: INVALID URI : bg-actionbox.gif
2014-08-22 21:09:01 Error: INVALID URI : bg-actionbox.gif
2014-08-22 21:10:54 Error: INVALID URI : bg-actionbox.gif
2014-08-22 21:11:16 Error: INVALID URI : bg-actionbox.gif
2014-08-22 21:11:54 Error: INVALID URI : bg-actionbox.gif
2014-08-22 21:13:50 Error: INVALID URI : bg-actionbox.gif
2014-08-22 21:15:11 Error: INVALID URI : bg-actionbox.gif
2014-08-22 22:22:10 Error: INVALID URI : bg-actionbox.gif
2014-08-22 22:22:13 Error: INVALID URI : bg-actionbox.gif
2014-08-26 00:18:50 Error: INVALID URI : bg-actionbox.gif
2014-08-26 00:18:52 Error: INVALID URI : bg-actionbox.gif
2014-08-26 22:39:20 Error: INVALID URI : bg-actionbox.gif
2014-09-05 00:42:21 Error: INVALID URI : bg-actionbox.gif
2014-09-05 00:45:09 Error: INVALID URI : bg-actionbox.gif
2014-09-05 23:50:20 Error: INVALID URI : bg-actionbox.gif
2014-09-06 00:52:30 Error: INVALID URI : bg-actionbox.gif
2014-09-09 23:22:34 Error: INVALID URI : bg-actionbox.gif
2014-09-10 00:11:52 Error: INVALID URI : bg-actionbox.gif
2014-09-10 01:09:54 Error: INVALID URI : bg-actionbox.gif
2014-09-11 23:11:53 Error: INVALID URI : bg-actionbox.gif
2014-09-11 23:11:59 Error: INVALID URI : bg-actionbox.gif
2014-09-11 23:18:21 Error: INVALID URI : bg-actionbox.gif
2014-09-12 00:16:58 Error: INVALID URI : bg-actionbox.gif
2014-09-12 23:58:30 Error: INVALID URI : bg-actionbox.gif
2014-09-15 23:02:03 Error: INVALID URI : bg-actionbox.gif
2014-09-15 23:04:28 Error: INVALID URI : bg-actionbox.gif
2014-09-15 23:11:20 Error: INVALID URI : bg-actionbox.gif
2014-09-15 23:16:44 Error: INVALID URI : bg-actionbox.gif
2014-09-15 23:16:48 Error: INVALID URI : bg-actionbox.gif
2015-01-30 22:38:47 Error: INVALID URI : bg-actionbox.gif
2015-01-30 22:38:51 Error: INVALID URI : bg-actionbox.gif
2015-01-30 22:39:40 Error: INVALID URI : bg-actionbox.gif
2015-01-30 23:22:08 Error: INVALID URI : bg-actionbox.gif
